[Licensing::Module] Trying to connect to existing licensing client channel...
[Licensing::IpcConnector] Successfully connected to the License Client on channel: "LicenseClient-kevin" at "2026-04-17T03:10:24.8585483Z"
[Licensing::Client] Error: Code 10 while verifying Licensing Client signature (process Id: 17288, path: "C:/Program Files/Unity/Hub/Editor/6000.0.44f1/Editor/Data/Resources/Licensing/Client/Unity.Licensing.Client.exe")
[Licensing::Module] Error: LicensingClient has failed validation; ignoring
[Licensing::Client] Handshaking with LicensingClient:
  Version:                 1.16.2+bdef8f5
  Session Id:              5db55c72d2244690a9ed6fc8328b2a85
  Correlation Id:          08aa867fb58019bc670efe21e96b9d8f
  External correlation Id: 4110544328404236429
  Machine Id:              mgZRSg3lIL/Eu1/vG8qcsomrBXo=
[Licensing::Module] Successfully connected to LicensingClient on channel: "LicenseClient-kevin" (connect: 0.00s, validation: 0.01s, handshake: 0.02s)
[Licensing::IpcConnector] Successfully connected to the License Notification on channel: "LicenseClient-kevin-notifications" at "2026-04-17T03:10:24.8920695Z"
[Licensing::Module] Error: Access token is unavailable; failed to update
[Licensing::Client] Successfully updated license
Built from '6000.0/release' branch; Version is '6000.0.44f1 (101c91f3a8fb) revision 1055889'; Using compiler version '193933523'; Build Type 'Release'
OS: 'Windows 11  (10.0.26200) 64bit Core' Language: 'en' Physical Memory: 31861 MB
[Licensing::Client] Successfully resolved entitlement details
[Licensing::Module] Serial number assigned to: "1375799969428-UnityPersXXXX"
BatchMode: 1, IsHumanControllingUs: 0, StartBugReporterOnCrash: 0, Is64bit: 1, IsPro: 0
[Licensing::Client] Successfully resolved entitlement details

COMMAND LINE ARGUMENTS:
C:\Program Files\Unity\Hub\Editor\6000.0.44f1\Editor\Unity.exe
-batchmode
-projectPath
C:\Users\kevin\games\Baby Chungus
-quit
-logFile
C:\Users\kevin\games\Baby Chungus\unity_build.log
-buildTarget
Win64
Successfully changed project path to: C:\Users\kevin\games\Baby Chungus
C:/Users/kevin/games/Baby Chungus
It looks like another Unity instance is running with this project open.

Multiple Unity instances cannot open the same project.

Project: C:/Users/kevin/games/Baby Chungus
Fatal Error! It looks like another Unity instance is running with this project open.

Multiple Unity instances cannot open the same project.

Project: C:/Users/kevin/games/Baby Chungus
Crash!!!
SymInit: Symbol-SearchPath: 'C:/Program Files/Unity/Hub/Editor/6000.0.44f1/Editor/Data/Mono;.;C:\Users\kevin\games\Baby Chungus;C:\Users\kevin\games\Baby Chungus\Library\BurstCache\JIT;C:\Program Files\Unity\Hub\Editor\6000.0.44f1\Editor;C:\WINDOWS;C:\WINDOWS\system32;', symOptions: 534, UserName: 'kevin'
OS-Version: 10.0.0
C:\Program Files\Unity\Hub\Editor\6000.0.44f1\Editor\Unity.exe:Unity.exe (00007FF7E6380000), size: 299008 (result: 0), SymType: '-deferred-', PDB: '', fileVersion: 6000.0.44.7313
C:\WINDOWS\SYSTEM32\ntdll.dll:ntdll.dll (00007FFCB57C0000), size: 2519040 (result: 0), SymType: '-deferred-', PDB: '', fileVersion: 10.0.26100.8246
C:\WINDOWS\System32\KERNEL32.DLL:KERNEL32.DLL (00007FFCB4EB0000), size: 823296 (result: 0), SymType: '-deferred-', PDB: '', fileVersion: 10.0.26100.8246
C:\WINDOWS\System32\KERNELBASE.dll:KERNELBASE.dll (00007FFCB2E70000), size: 4145152 (result: 0), SymType: '-deferred-', PDB: '', fileVersion: 10.0.26100.8246
C:\WINDOWS\System32\USER32.dll:USER32.dll (00007FFCB5470000), size: 1855488 (result: 0), SymType: '-deferred-', PDB: '', fileVersion: 10.0.26100.8246
C:\WINDOWS\System32\win32u.dll:win32u.dll (00007FFCB3490000), size: 159744 (result: 0), SymType: '-deferred-', PDB: '', fileVersion: 10.0.26100.8246
C:\WINDOWS\System32\GDI32.dll:GDI32.dll (00007FFCB5750000), size: 176128 (result: 0), SymType: '-deferred-', PDB: '', fileVersion: 10.0.26100.8036
C:\WINDOWS\System32\gdi32full.dll:gdi32full.dll (00007FFCB2A80000), size: 1224704 (result: 0), SymType: '-deferred-', PDB: '', fileVersion: 10.0.26100.8246
C:\WINDOWS\System32\msvcp_win.dll:msvcp_win.dll (00007FFCB3320000), size: 667648 (result: 0), SymType: '-deferred-', PDB: '', fileVersion: 10.0.26100.8246
C:\WINDOWS\System32\ucrtbase.dll:ucrtbase.dll (00007FFCB2BB0000), size: 1355776 (result: 0), SymType: '-deferred-', PDB: '', fileVersion: 10.0.26100.8246
C:\WINDOWS\System32\IMM32.DLL:IMM32.DLL (00007FFCB3570000), size: 204800 (result: 0), SymType: '-deferred-', PDB: '', fileVersion: 10.0.26100.8115
C:\Program Files\Unity\Hub\Editor\6000.0.44f1\Editor\Unity.dll:Unity.dll (00007FFB80540000), size: 87166976 (result: 0), SymType: '-deferred-', PDB: '', fileVersion: 6000.0.44.7313
C:\WINDOWS\System32\CRYPT32.dll:CRYPT32.dll (00007FFCB2900000), size: 1536000 (result: 0), SymType: '-deferred-', PDB: '', fileVersion: 10.0.26100.8115
C:\WINDOWS\System32\ADVAPI32.dll:ADVAPI32.dll (00007FFCB5640000), size: 745472 (result: 0), SymType: '-deferred-', PDB: '', fileVersion: 10.0.26100.8115
C:\Program Files\Unity\Hub\Editor\6000.0.44f1\Editor\libfbxsdk.dll:libfbxsdk.dll (00007FFBA2420000), size: 8019968 (result: 0), SymType: '-deferred-', PDB: '', fileVersion: 2020.3.7.0
C:\Program Files\Unity\Hub\Editor\6000.0.44f1\Editor\s3tcompress.dll:s3tcompress.dll (00007FFC90FF0000), size: 180224 (result: 0), SymType: '-deferred-', PDB: ''
C:\Program Files\Unity\Hub\Editor\6000.0.44f1\Editor\etccompress.dll:etccompress.dll (00007FFBA3A60000), size: 5070848 (result: 0), SymType: '-deferred-', PDB: ''
C:\WINDOWS\System32\msvcrt.dll:msvcrt.dll (00007FFCB3940000), size: 692224 (result: 0), SymType: '-deferred-', PDB: '', fileVersion: 7.0.26100.8246
C:\Program Files\Unity\Hub\Editor\6000.0.44f1\Editor\ispc_texcomp.dll:ispc_texcomp.dll (00007FFC3B080000), size: 1826816 (result: 0), SymType: '-deferred-', PDB: ''
C:\WINDOWS\System32\sechost.dll:sechost.dll (00007FFCB4690000), size: 684032 (result: 0), SymType: '-deferred-', PDB: '', fileVersion: 10.0.26100.8246
C:\Program Files\Unity\Hub\Editor\6000.0.44f1\Editor\compress_bc7e.dll:compress_bc7e.dll (00007FFC4E3D0000), size: 1433600 (result: 0), SymType: '-deferred-', PDB: ''
C:\Program Files\Unity\Hub\Editor\6000.0.44f1\Editor\FreeImage.dll:FreeImage.dll (0000000180000000), size: 5783552 (result: 0), SymType: '-deferred-', PDB: '', fileVersion: 3.18.0.0
C:\Program Files\Unity\Hub\Editor\6000.0.44f1\Editor\WinPixEventRuntime.dll:WinPixEventRuntime.dll (00007FFC9FF50000), size: 53248 (result: 0), SymType: '-deferred-', PDB: '', fileVersion: 1.0.2201.24001
C:\WINDOWS\System32\WS2_32.dll:WS2_32.dll (00007FFCB5130000), size: 524288 (result: 0), SymType: '-deferred-', PDB: '', fileVersion: 10.0.26100.8246
C:\Program Files\Unity\Hub\Editor\6000.0.44f1\Editor\umbraoptimizer64.dll:umbraoptimizer64.dll (00007FFC80090000), size: 1187840 (result: 0), SymType: '-deferred-', PDB: ''
C:\WINDOWS\System32\RPCRT4.dll:RPCRT4.dll (00007FFCB4570000), size: 1146880 (result: 0), SymType: '-deferred-', PDB: '', fileVersion: 10.0.26100.8246
C:\WINDOWS\SYSTEM32\MSVCP140.dll:MSVCP140.dll (00007FFC96F40000), size: 561152 (result: 0), SymType: '-deferred-', PDB: '', fileVersion: 14.44.35211.0
C:\WINDOWS\SYSTEM32\VCRUNTIME140.dll:VCRUNTIME140.dll (00007FFC97C30000), size: 122880 (result: 0), SymType: '-deferred-', PDB: '', fileVersion: 14.44.35211.0
C:\WINDOWS\System32\ole32.dll:ole32.dll (00007FFCB4F80000), size: 1667072 (result: 0), SymType: '-deferred-', PDB: '', fileVersion: 10.0.26100.8246
C:\WINDOWS\System32\combase.dll:combase.dll (00007FFCB35B0000), size: 3678208 (result: 0), SymType: '-deferred-', PDB: '', fileVersion: 10.0.26100.8246
C:\WINDOWS\SYSTEM32\VCRUNTIME140_1.dll:VCRUNTIME140_1.dll (00007FFC97C50000), size: 49152 (result: 0), SymType: '-deferred-', PDB: '', fileVersion: 14.44.35211.0
C:\WINDOWS\System32\SETUPAPI.dll:SETUPAPI.dll (00007FFCB40E0000), size: 4747264 (result: 0), SymType: '-deferred-', PDB: '', fileVersion: 10.0.26100.8115
C:\WINDOWS\SYSTEM32\bcrypt.dll:bcrypt.dll (00007FFCB1F80000), size: 172032 (result: 0), SymType: '-deferred-', PDB: '', fileVersion: 10.0.26100.8246
C:\WINDOWS\SYSTEM32\d3d11.dll:d3d11.dll (00007FFCAEC10000), size: 2502656 (result: 0), SymType: '-deferred-', PDB: '', fileVersion: 10.0.26100.8246
C:\WINDOWS\System32\SHELL32.dll:SHELL32.dll (00007FFCB4740000), size: 7761920 (result: 0), SymType: '-deferred-', PDB: '', fileVersion: 10.0.26100.8246
C:\WINDOWS\SYSTEM32\d3d12.dll:d3d12.dll (00007FFC906E0000), size: 143360 (result: 0), SymType: '-deferred-', PDB: '', fileVersion: 10.0.26100.8115
C:\WINDOWS\SYSTEM32\dwmapi.dll:dwmapi.dll (00007FFCAFE00000), size: 192512 (result: 0), SymType: '-deferred-', PDB: '', fileVersion: 10.0.26100.8115
C:\WINDOWS\System32\wintypes.dll:wintypes.dll (00007FFCB2D00000), size: 1482752 (result: 0), SymType: '-deferred-', PDB: '', fileVersion: 10.0.26100.8246
C:\WINDOWS\SYSTEM32\dxgi.dll:dxgi.dll (00007FFCAFC90000), size: 1314816 (result: 0), SymType: '-deferred-', PDB: '', fileVersion: 10.0.26100.8115
C:\WINDOWS\SYSTEM32\HID.DLL:HID.DLL (00007FFCB04C0000), size: 61440 (result: 0), SymType: '-deferred-', PDB: '', fileVersion: 10.0.26100.1150
C:\WINDOWS\System32\SHLWAPI.dll:SHLWAPI.dll (00007FFCB3FB0000), size: 417792 (result: 0), SymType: '-deferred-', PDB: '', fileVersion: 10.0.26100.8115
C:\WINDOWS\SYSTEM32\IPHLPAPI.DLL:IPHLPAPI.DLL (00007FFCB07C0000), size: 204800 (result: 0), SymType: '-deferred-', PDB: '', fileVersion: 10.0.26100.8246
C:\WINDOWS\System32\Windows.Storage.dll:Windows.Storage.dll (00007FFCB2090000), size: 8814592 (result: 0), SymType: '-deferred-', PDB: '', fileVersion: 10.0.26100.8246
C:\WINDOWS\SYSTEM32\OPENGL32.dll:OPENGL32.dll (00007FFC19610000), size: 1110016 (result: 0), SymType: '-deferred-', PDB: '', fileVersion: 10.0.26100.8115
C:\WINDOWS\System32\OLEAUT32.dll:OLEAUT32.dll (00007FFCB3B00000), size: 884736 (result: 0), SymType: '-deferred-', PDB: '', fileVersion: 10.0.26100.8246
C:\WINDOWS\SYSTEM32\powrprof.dll:powrprof.dll (00007FFCB1EF0000), size: 385024 (result: 0), SymType: '-deferred-', PDB: '', fileVersion: 10.0.26100.3912
C:\WINDOWS\System32\WINTRUST.dll:WINTRUST.dll (00007FFCB34C0000), size: 532480 (result: 0), SymType: '-deferred-', PDB: '', fileVersion: 10.0.26100.8115
C:\WINDOWS\SYSTEM32\WINMM.dll:WINMM.dll (00007FFCA6C30000), size: 221184 (result: 0), SymType: '-deferred-', PDB: '', fileVersion: 10.0.26100.8115
C:\WINDOWS\SYSTEM32\WINHTTP.dll:WINHTTP.dll (00007FFCAB1E0000), size: 1232896 (result: 0), SymType: '-deferred-', PDB: '', fileVersion: 10.0.26100.8246
C:\WINDOWS\SYSTEM32\GLU32.dll:GLU32.dll (00007FFC1E560000), size: 184320 (result: 0), SymType: '-deferred-', PDB: '', fileVersion: 10.0.26100.1150
C:\Program Files\Unity\Hub\Editor\6000.0.44f1\Editor\NativeProxyHelper.dll:NativeProxyHelper.dll (00007FFC1E390000), size: 1789952 (result: 0), SymType: '-deferred-', PDB: ''
C:\Program Files\Unity\Hub\Editor\6000.0.44f1\Editor\SketchUpAPI.dll:SketchUpAPI.dll (00007FFB9DB90000), size: 8990720 (result: 0), SymType: '-deferred-', PDB: '', fileVersion: 23.0.0.0
C:\WINDOWS\SYSTEM32\VERSION.dll:VERSION.dll (00007FFCA6920000), size: 45056 (result: 0), SymType: '-deferred-', PDB: '', fileVersion: 10.0.26100.1150
C:\WINDOWS\SYSTEM32\WSOCK32.dll:WSOCK32.dll (00007FFC4A8D0000), size: 40960 (result: 0), SymType: '-deferred-', PDB: '', fileVersion: 10.0.26100.1
C:\Program Files\Unity\Hub\Editor\6000.0.44f1\Editor\SketchUpCommonPreferences.dll:SketchUpCommonPreferences.dll (00007FFC87670000), size: 499712 (result: 0), SymType: '-deferred-', PDB: '', fileVersion: 23.0.0.0
C:\WINDOWS\SYSTEM32\dxcore.dll:dxcore.dll (00007FFCAFC40000), size: 274432 (result: 0), SymType: '-deferred-', PDB: '', fileVersion: 10.0.26100.8115
C:\WINDOWS\SYSTEM32\Secur32.dll:Secur32.dll (00007FFCAF8D0000), size: 53248 (result: 0), SymType: '-deferred-', PDB: '', fileVersion: 10.0.26100.7705
C:\WINDOWS\SYSTEM32\SSPICLI.DLL:SSPICLI.DLL (00007FFCB10C0000), size: 299008 (result: 0), SymType: '-deferred-', PDB: '', fileVersion: 10.0.26100.8115
C:\Program Files\Unity\Hub\Editor\6000.0.44f1\Editor\OpenRL.dll:OpenRL.dll (0000023FC9930000), size: 12779520 (result: 0), SymType: '-deferred-', PDB: '', fileVersion: 1.5.0.2907
C:\WINDOWS\SYSTEM32\MSVCR100.dll:MSVCR100.dll (0000000050750000), size: 860160 (result: 0), SymType: '-deferred-', PDB: '', fileVersion: 10.0.40219.325
C:\WINDOWS\SYSTEM32\MSVCP100.dll:MSVCP100.dll (00000000506B0000), size: 622592 (result: 0), SymType: '-deferred-', PDB: '', fileVersion: 10.0.40219.325
C:\Program Files\Unity\Hub\Editor\6000.0.44f1\Editor\embree.dll:embree.dll (00007FFB7F550000), size: 16711680 (result: 0), SymType: '-deferred-', PDB: '', fileVersion: 2.14.0.0
C:\WINDOWS\SYSTEM32\cfgmgr32.DLL:cfgmgr32.DLL (00007FFCB1C20000), size: 331776 (result: 0), SymType: '-deferred-', PDB: '', fileVersion: 10.0.26100.8115
C:\Program Files\Unity\Hub\Editor\6000.0.44f1\Editor\tbb.dll:tbb.dll (00007FFC8E690000), size: 303104 (result: 0), SymType: '-deferred-', PDB: '', fileVersion: 2020.3.2022.1111
C:\WINDOWS\SYSTEM32\MSWSOCK.DLL:MSWSOCK.DLL (00007FFCB1390000), size: 442368 (result: 0), SymType: '-deferred-', PDB: '', fileVersion: 10.0.26100.8115
C:\Program Files\Unity\Hub\Editor\6000.0.44f1\Editor\OpenRL_pthread.dll:OpenRL_pthread.dll (0000023FCA570000), size: 61440 (result: 0), SymType: '-deferred-', PDB: '', fileVersion: 2.9.0.0
C:\WINDOWS\SYSTEM32\UMPDC.dll:UMPDC.dll (00007FFCB1ED0000), size: 81920 (result: 0), SymType: '-deferred-', PDB: '', fileVersion: 10.0.26100.8115
C:\WINDOWS\SYSTEM32\MSASN1.dll:MSASN1.dll (00007FFCB16E0000), size: 77824 (result: 0), SymType: '-deferred-', PDB: '', fileVersion: 10.0.26100.8246
C:\WINDOWS\System32\bcryptprimitives.dll:bcryptprimitives.dll (00007FFCB3270000), size: 675840 (result: 0), SymType: '-deferred-', PDB: '', fileVersion: 10.0.26100.8246
C:\WINDOWS\SYSTEM32\kernel.appcore.dll:kernel.appcore.dll (00007FFCB0E00000), size: 110592 (result: 0), SymType: '-deferred-', PDB: '', fileVersion: 10.0.26100.7920
C:\WINDOWS\system32\uxtheme.dll:uxtheme.dll (00007FFCAFB20000), size: 692224 (result: 0), SymType: '-deferred-', PDB: '', fileVersion: 10.0.26100.8115
C:\WINDOWS\System32\SHCORE.dll:SHCORE.dll (00007FFCB5370000), size: 1015808 (result: 0), SymType: '-deferred-', PDB: '', fileVersion: 10.0.26100.8246
C:\WINDOWS\SYSTEM32\profapi.dll:profapi.dll (00007FFCB1FB0000), size: 167936 (result: 0), SymType: '-deferred-', PDB: '', fileVersion: 10.0.26100.8115
C:\WINDOWS\SYSTEM32\CRYPTSP.dll:CRYPTSP.dll (00007FFCB1670000), size: 110592 (result: 0), SymType: '-deferred-', PDB: '', fileVersion: 10.0.26100.8246
C:\WINDOWS\system32\rsaenh.dll:rsaenh.dll (00007FFCB0D60000), size: 233472 (result: 0), SymType: '-deferred-', PDB: '', fileVersion: 10.0.26100.7705
C:\WINDOWS\SYSTEM32\CRYPTBASE.dll:CRYPTBASE.dll (00007FFCB1690000), size: 49152 (result: 0), SymType: '-deferred-', PDB: '', fileVersion: 10.0.26100.8246
C:\WINDOWS\System32\imagehlp.dll:imagehlp.dll (00007FFCB5320000), size: 131072 (result: 0), SymType: '-deferred-', PDB: '', fileVersion: 10.0.26100.4202
C:\WINDOWS\SYSTEM32\gpapi.dll:gpapi.dll (00007FFCB1400000), size: 196608 (result: 0), SymType: '-deferred-', PDB: '', fileVersion: 10.0.26100.8246
C:\Windows\System32\cryptnet.dll:cryptnet.dll (00007FFCA6990000), size: 241664 (result: 0), SymType: '-deferred-', PDB: '', fileVersion: 10.0.26100.8115
C:\WINDOWS\SYSTEM32\WINNSI.DLL:WINNSI.DLL (00007FFCAFAD0000), size: 57344 (result: 0), SymType: '-deferred-', PDB: '', fileVersion: 10.0.26100.8246
C:\WINDOWS\System32\NSI.dll:NSI.dll (00007FFCB5350000), size: 40960 (result: 0), SymType: '-deferred-', PDB: '', fileVersion: 10.0.26100.8246
C:\WINDOWS\system32\IconCodecService.dll:IconCodecService.dll (00007FFC820F0000), size: 45056 (result: 0), SymType: '-deferred-', PDB: '', fileVersion: 10.0.26100.1
C:\WINDOWS\SYSTEM32\WindowsCodecs.dll:WindowsCodecs.dll (00007FFCADC70000), size: 2285568 (result: 0), SymType: '-deferred-', PDB: '', fileVersion: 10.0.26100.8115
C:\WINDOWS\System32\clbcatq.dll:clbcatq.dll (00007FFCB4020000), size: 712704 (result: 0), SymType: '-deferred-', PDB: '', fileVersion: 2001.12.10941.16384
C:\WINDOWS\System32\netprofm.dll:netprofm.dll (00007FFCAC690000), size: 450560 (result: 0), SymType: '-deferred-', PDB: '', fileVersion: 10.0.26100.8115
C:\WINDOWS\System32\npmproxy.dll:npmproxy.dll (00007FFCA6A90000), size: 102400 (result: 0), SymType: '-deferred-', PDB: '', fileVersion: 10.0.26100.8115
C:\WINDOWS\SYSTEM32\dbghelp.dll:dbghelp.dll (00007FFCA5A50000), size: 2367488 (result: 0), SymType: '-deferred-', PDB: '', fileVersion: 10.0.26100.5074

========== OUTPUTTING STACK TRACE ==================

0x00007FFCB2F379DA (KERNELBASE) RaiseException
0x00007FFB820E1EA5 (Unity) EditorMonoConsole::LogToConsoleImplementation
0x00007FFB820E2B6A (Unity) EditorMonoConsole::LogToConsoleImplementation
0x00007FFB82D96A3D (Unity) DebugStringToFilePostprocessedStacktrace
0x00007FFB82D95DD8 (Unity) DebugStringToFile
0x00007FFB821E9C66 (Unity) HandleProjectAlreadyOpenInAnotherInstance
0x00007FFB821EBB9E (Unity) Application::InitializeProject
0x00007FFB827F6395 (Unity) UnityMain
0x00007FF7E6382FBA (Unity) __scrt_common_main_seh
0x00007FFCB4EDE8D7 (KERNEL32) BaseThreadInitThunk
0x00007FFCB584C3FC (ntdll) RtlUserThreadStart

========== END OF STACKTRACE ===========

A crash has been intercepted by the crash handler. For call stack and other details, see the latest crash report generated in:
 * C:/Users/kevin/AppData/Local/Temp/Unity/Editor/Crashes
